Arguments: 
  /usr/local/bin/node /usr/local/bin/yarn add @fortawesome/free-thin-svg-icons

PATH: 
  /Users/yee0526/.rvm/gems/ruby-3.1.1/bin:/Users/yee0526/.rvm/gems/ruby-3.1.1@global/bin:/Users/yee0526/.rvm/rubies/ruby-3.1.1/bin:/Users/yee0526/.rvm/bin:/Applications/Google Chrome.app/Contents/MacOS:/Users/yee/Downloads:/Users/Yee/Downloads:/Users/yee Chen/Downloads:/opt/homebrew/bin:/opt/homebrew/sbin:/usr/local/bin:/System/Cryptexes/App/usr/bin:/usr/bin:/bin:/usr/sbin:/sbin:/usr/local/share/dotnet:~/.dotnet/tools:/Library/Apple/usr/bin:/Applications/Postgres.app/Contents/Versions/latest/bin:/Users/yee0526/opt/anaconda3/bin:/Users/yee0526/opt/anaconda3/condabin:/Applications/Google Chrome.app/Contents/MacOS:/Users/yee/Downloads:/Users/Yee/Downloads:/Users/yee Chen/Downloads:/opt/homebrew/bin:/opt/homebrew/sbin

Yarn version: 
  1.22.19

Node version: 
  16.17.0

Platform: 
  darwin arm64

Trace: 
  Error: https://registry.yarnpkg.com/@fortawesome%2ffree-thin-svg-icons: Not found
      at Request.params.callback [as _callback] (/usr/local/lib/node_modules/yarn/lib/cli.js:66145:18)
      at Request.self.callback (/usr/local/lib/node_modules/yarn/lib/cli.js:140890:22)
      at Request.emit (node:events:513:28)
      at Request.<anonymous> (/usr/local/lib/node_modules/yarn/lib/cli.js:141862:10)
      at Request.emit (node:events:513:28)
      at IncomingMessage.<anonymous> (/usr/local/lib/node_modules/yarn/lib/cli.js:141784:12)
      at Object.onceWrapper (node:events:627:28)
      at IncomingMessage.emit (node:events:525:35)
      at endReadableNT (node:internal/streams/readable:1358:12)
      at processTicksAndRejections (node:internal/process/task_queues:83:21)

npm manifest: 
  No manifest

yarn manifest: 
  No manifest

Lockfile: 
  No lockfile
